<?xml version="1.0" encoding="UTF-8"?>
<!-- Generated by org.testng.reporters.JUnitReportReporter -->
<testsuite hostname="Enthrall_IT" failures="0" tests="27" name="pagesTest.HomePageTest" time="23.109" errors="0" timestamp="2023-11-14T21:42:58 EST" skipped="26">
  <testcase classname="pagesTest.HomePageTest" name="use_of_isEnabled_in_login_button02" time="23.109"/>
  <system-out/>
  <testcase classname="pagesTest.HomePageTest" name="use_of_partialLinkText_as_locator_in_forgot_password_hyperlink">
    <skipped/>
  </testcase> <!-- use_of_partialLinkText_as_locator_in_forgot_password_hyperlink -->
  <system-out/>
  <testcase classname="pagesTest.HomePageTest" name="role2_use_of_cssSelector_as_locator_in_login_button">
    <skipped/>
  </testcase> <!-- role2_use_of_cssSelector_as_locator_in_login_button -->
  <system-out/>
  <testcase classname="pagesTest.HomePageTest" name="role5_use_of_cssSelector_as_locator_in_login_button">
    <skipped/>
  </testcase> <!-- role5_use_of_cssSelector_as_locator_in_login_button -->
  <system-out/>
  <testcase classname="pagesTest.HomePageTest" name="use_of_isSelected_in_radio_button">
    <skipped/>
  </testcase> <!-- use_of_isSelected_in_radio_button -->
  <system-out/>
  <testcase classname="pagesTest.HomePageTest" name="clickLogoTest">
    <skipped/>
  </testcase> <!-- clickLogoTest -->
  <system-out/>
  <testcase classname="pagesTest.HomePageTest" name="use_of_xpath_as_locator_in_new_user_registration_button">
    <skipped/>
  </testcase> <!-- use_of_xpath_as_locator_in_new_user_registration_button -->
  <system-out/>
  <testcase classname="pagesTest.HomePageTest" name="use_of_isSelected_in_check_box">
    <skipped/>
  </testcase> <!-- use_of_isSelected_in_check_box -->
  <system-out/>
  <testcase classname="pagesTest.HomePageTest" name="clickLoginButtonTest">
    <skipped/>
  </testcase> <!-- clickLoginButtonTest -->
  <system-out/>
  <testcase classname="pagesTest.HomePageTest" name="inputTextInUserIdFieldTest">
    <skipped/>
  </testcase> <!-- inputTextInUserIdFieldTest -->
  <system-out/>
  <testcase classname="pagesTest.HomePageTest" name="role6_use_of_cssSelector_as_locator_in_login_button">
    <skipped/>
  </testcase> <!-- role6_use_of_cssSelector_as_locator_in_login_button -->
  <system-out/>
  <testcase classname="pagesTest.HomePageTest" name="nullPointerExceptionTest">
    <skipped/>
  </testcase> <!-- nullPointerExceptionTest -->
  <system-out/>
  <testcase classname="pagesTest.HomePageTest" name="use_of_tagName_as_locator">
    <skipped/>
  </testcase> <!-- use_of_tagName_as_locator -->
  <system-out/>
  <testcase classname="pagesTest.HomePageTest" name="use_of_isEnabled_in_login_button">
    <skipped/>
  </testcase> <!-- use_of_isEnabled_in_login_button -->
  <system-out/>
  <testcase classname="pagesTest.HomePageTest" name="role4_use_of_cssSelector_as_locator_in_login_button">
    <skipped/>
  </testcase> <!-- role4_use_of_cssSelector_as_locator_in_login_button -->
  <system-out/>
  <testcase classname="pagesTest.HomePageTest" name="role1_use_of_cssSelector_as_locator_in_new_user_registration_button">
    <skipped/>
  </testcase> <!-- role1_use_of_cssSelector_as_locator_in_new_user_registration_button -->
  <system-out/>
  <testcase classname="pagesTest.HomePageTest" name="clickUnlockTest">
    <skipped/>
  </testcase> <!-- clickUnlockTest -->
  <system-out/>
  <testcase classname="pagesTest.HomePageTest" name="clickPasswordTest">
    <skipped/>
  </testcase> <!-- clickPasswordTest -->
  <system-out/>
  <testcase classname="pagesTest.HomePageTest" name="use_of_isDisplayed_in_logo_image">
    <skipped/>
  </testcase> <!-- use_of_isDisplayed_in_logo_image -->
  <system-out/>
  <testcase classname="pagesTest.HomePageTest" name="inputTextInUserIdAndPasswordFieldThenClickLoginButtonTest">
    <skipped/>
  </testcase> <!-- inputTextInUserIdAndPasswordFieldThenClickLoginButtonTest -->
  <system-out/>
  <testcase classname="pagesTest.HomePageTest" name="use_of_linkText_as_locator_in_forgot_user_id_hyperlink">
    <skipped/>
  </testcase> <!-- use_of_linkText_as_locator_in_forgot_user_id_hyperlink -->
  <system-out/>
  <testcase classname="pagesTest.HomePageTest" name="role3_use_of_cssSelector_as_locator_in_logo">
    <skipped/>
  </testcase> <!-- role3_use_of_cssSelector_as_locator_in_logo -->
  <system-out/>
  <testcase classname="pagesTest.HomePageTest" name="clickUserIdTest">
    <skipped/>
  </testcase> <!-- clickUserIdTest -->
  <system-out/>
  <testcase classname="pagesTest.HomePageTest" name="clickWrongNewUserIdTest">
    <skipped/>
  </testcase> <!-- clickWrongNewUserIdTest -->
  <system-out/>
  <testcase classname="pagesTest.HomePageTest" name="clickNewUserRegistrationTest">
    <skipped/>
  </testcase> <!-- clickNewUserRegistrationTest -->
  <system-out/>
  <testcase classname="pagesTest.HomePageTest" name="why_we_use_cssSelector_as_locator_in_logo">
    <skipped/>
  </testcase> <!-- why_we_use_cssSelector_as_locator_in_logo -->
  <system-out/>
  <testcase classname="pagesTest.HomePageTest" name="clickForgotUserIdTest">
    <skipped/>
  </testcase> <!-- clickForgotUserIdTest -->
  <system-out/>
</testsuite> <!-- pagesTest.HomePageTest -->
