<?xml version="1.0" encoding="UTF-8"?>
<!-- Generated by org.testng.reporters.JUnitReportReporter -->
<testsuite hostname="Enthrall_IT" failures="0" tests="5" name="pagesTest.HomePageTest" time="10.971" errors="0" timestamp="2023-11-07T21:37:44 EST" skipped="4">
  <testcase classname="pagesTest.HomePageTest" name="clickLogoTest" time="10.971"/>
  <system-out/>
  <testcase classname="pagesTest.HomePageTest" name="clickUserIdTest">
    <skipped/>
  </testcase> <!-- clickUserIdTest -->
  <system-out/>
  <testcase classname="pagesTest.HomePageTest" name="clickNewUserRegistrationTest">
    <skipped/>
  </testcase> <!-- clickNewUserRegistrationTest -->
  <system-out/>
  <testcase classname="pagesTest.HomePageTest" name="clickPasswordTest">
    <skipped/>
  </testcase> <!-- clickPasswordTest -->
  <system-out/>
  <testcase classname="pagesTest.HomePageTest" name="clickLoginButtonTest">
    <skipped/>
  </testcase> <!-- clickLoginButtonTest -->
  <system-out/>
</testsuite> <!-- pagesTest.HomePageTest -->
